{"/Users/devshah/github-profile-api-1/App.js": {"path":"/Users/devshah/github-profile-api-1/App.js","statementMap":{"0":{"start":{"line":9,"column":14},"end":{"line":9,"column":42}},"1":{"start":{"line":12,"column":2},"end":{"line":35,"column":4}},"2":{"start":{"line":24,"column":30},"end":{"line":24,"column":38}},"3":{"start":{"line":25,"column":31},"end":{"line":25,"column":47}}},"fnMap":{"0":{"name":"App","decl":{"start":{"line":11,"column":16},"end":{"line":11,"column":19}},"loc":{"start":{"line":11,"column":22},"end":{"line":36,"column":1}},"line":11},"1":{"name":"(anonymous_1)","decl":{"start":{"line":24,"column":24},"end":{"line":24,"column":25}},"loc":{"start":{"line":24,"column":30},"end":{"line":24,"column":38}},"line":24},"2":{"name":"(anonymous_2)","decl":{"start":{"line":25,"column":25},"end":{"line":25,"column":26}},"loc":{"start":{"line":25,"column":31},"end":{"line":25,"column":47}},"line":25}},"branchMap":{},"s":{"0":0,"1":0,"2":0,"3":0},"f":{"0":0,"1":0,"2":0},"b":{}}
,"/Users/devshah/github-profile-api-1/firebase.js": {"path":"/Users/devshah/github-profile-api-1/firebase.js","statementMap":{"0":{"start":{"line":4,"column":0},"end":{"line":4,"column":25}},"1":{"start":{"line":6,"column":23},"end":{"line":13,"column":1}},"2":{"start":{"line":15,"column":0},"end":{"line":15,"column":36}},"3":{"start":{"line":16,"column":13},"end":{"line":16,"column":25}}},"fnMap":{},"branchMap":{},"s":{"0":0,"1":0,"2":0,"3":0},"f":{},"b":{}}
,"/Users/devshah/github-profile-api-1/index.js": {"path":"/Users/devshah/github-profile-api-1/index.js","statementMap":{"0":{"start":{"line":9,"column":0},"end":{"line":9,"column":27}},"1":{"start":{"line":10,"column":0},"end":{"line":10,"column":23}}},"fnMap":{},"branchMap":{},"s":{"0":0,"1":0},"f":{},"b":{}}
,"/Users/devshah/github-profile-api-1/metro.config.js": {"path":"/Users/devshah/github-profile-api-1/metro.config.js","statementMap":{"0":{"start":{"line":2,"column":29},"end":{"line":2,"column":57}},"1":{"start":{"line":4,"column":0},"end":{"line":4,"column":45}}},"fnMap":{},"branchMap":{},"s":{"0":0,"1":0},"f":{},"b":{}}
,"/Users/devshah/github-profile-api-1/components/LogOutButton.js": {"path":"/Users/devshah/github-profile-api-1/components/LogOutButton.js","statementMap":{"0":{"start":{"line":7,"column":21},"end":{"line":17,"column":1}},"1":{"start":{"line":8,"column":21},"end":{"line":8,"column":36}},"2":{"start":{"line":9,"column":24},"end":{"line":15,"column":3}},"3":{"start":{"line":10,"column":4},"end":{"line":14,"column":38}},"4":{"start":{"line":12,"column":8},"end":{"line":12,"column":37}},"5":{"start":{"line":14,"column":20},"end":{"line":14,"column":36}},"6":{"start":{"line":16,"column":2},"end":{"line":16,"column":66}}},"fnMap":{"0":{"name":"(anonymous_0)","decl":{"start":{"line":7,"column":21},"end":{"line":7,"column":22}},"loc":{"start":{"line":7,"column":27},"end":{"line":17,"column":1}},"line":7},"1":{"name":"(anonymous_1)","decl":{"start":{"line":9,"column":24},"end":{"line":9,"column":25}},"loc":{"start":{"line":9,"column":30},"end":{"line":15,"column":3}},"line":9},"2":{"name":"(anonymous_2)","decl":{"start":{"line":11,"column":12},"end":{"line":11,"column":13}},"loc":{"start":{"line":11,"column":18},"end":{"line":13,"column":7}},"line":11},"3":{"name":"(anonymous_3)","decl":{"start":{"line":14,"column":13},"end":{"line":14,"column":14}},"loc":{"start":{"line":14,"column":20},"end":{"line":14,"column":36}},"line":14}},"branchMap":{},"s":{"0":0,"1":0,"2":0,"3":0,"4":0,"5":0,"6":0},"f":{"0":0,"1":0,"2":0,"3":0},"b":{}}
,"/Users/devshah/github-profile-api-1/components/PublicRepos.js": {"path":"/Users/devshah/github-profile-api-1/components/PublicRepos.js","statementMap":{"0":{"start":{"line":7,"column":21},"end":{"line":7,"column":36}},"1":{"start":{"line":9,"column":34},"end":{"line":9,"column":46}},"2":{"start":{"line":11,"column":22},"end":{"line":26,"column":3}},"3":{"start":{"line":12,"column":4},"end":{"line":25,"column":5}},"4":{"start":{"line":13,"column":23},"end":{"line":13,"column":54}},"5":{"start":{"line":14,"column":23},"end":{"line":14,"column":44}},"6":{"start":{"line":15,"column":6},"end":{"line":22,"column":7}},"7":{"start":{"line":16,"column":8},"end":{"line":16,"column":30}},"8":{"start":{"line":17,"column":8},"end":{"line":17,"column":30}},"9":{"start":{"line":18,"column":13},"end":{"line":22,"column":7}},"10":{"start":{"line":20,"column":8},"end":{"line":20,"column":30}},"11":{"start":{"line":21,"column":8},"end":{"line":21,"column":24}},"12":{"start":{"line":24,"column":6},"end":{"line":24,"column":25}},"13":{"start":{"line":28,"column":2},"end":{"line":32,"column":17}},"14":{"start":{"line":29,"column":4},"end":{"line":31,"column":5}},"15":{"start":{"line":30,"column":6},"end":{"line":30,"column":20}},"16":{"start":{"line":34,"column":2},"end":{"line":63,"column":4}},"17":{"start":{"line":43,"column":34},"end":{"line":43,"column":36}},"18":{"start":{"line":45,"column":10},"end":{"line":59,"column":29}},"19":{"start":{"line":48,"column":14},"end":{"line":48,"column":69}}},"fnMap":{"0":{"name":"PublicRepos","decl":{"start":{"line":6,"column":16},"end":{"line":6,"column":27}},"loc":{"start":{"line":6,"column":42},"end":{"line":64,"column":1}},"line":6},"1":{"name":"(anonymous_1)","decl":{"start":{"line":11,"column":22},"end":{"line":11,"column":23}},"loc":{"start":{"line":11,"column":34},"end":{"line":26,"column":3}},"line":11},"2":{"name":"(anonymous_2)","decl":{"start":{"line":28,"column":12},"end":{"line":28,"column":13}},"loc":{"start":{"line":28,"column":18},"end":{"line":32,"column":3}},"line":28},"3":{"name":"(anonymous_3)","decl":{"start":{"line":43,"column":22},"end":{"line":43,"column":23}},"loc":{"start":{"line":43,"column":34},"end":{"line":43,"column":36}},"line":43},"4":{"name":"(anonymous_4)","decl":{"start":{"line":44,"column":20},"end":{"line":44,"column":21}},"loc":{"start":{"line":45,"column":10},"end":{"line":59,"column":29}},"line":45},"5":{"name":"(anonymous_5)","decl":{"start":{"line":47,"column":21},"end":{"line":47,"column":22}},"loc":{"start":{"line":48,"column":14},"end":{"line":48,"column":69}},"line":48}},"branchMap":{"0":{"loc":{"start":{"line":15,"column":6},"end":{"line":22,"column":7}},"type":"if","locations":[{"start":{"line":15,"column":6},"end":{"line":22,"column":7}},{"start":{"line":18,"column":13},"end":{"line":22,"column":7}}],"line":15},"1":{"loc":{"start":{"line":15,"column":10},"end":{"line":15,"column":54}},"type":"binary-expr","locations":[{"start":{"line":15,"column":10},"end":{"line":15,"column":18}},{"start":{"line":15,"column":22},"end":{"line":15,"column":54}}],"line":15},"2":{"loc":{"start":{"line":18,"column":13},"end":{"line":22,"column":7}},"type":"if","locations":[{"start":{"line":18,"column":13},"end":{"line":22,"column":7}},{"start":{"line":19,"column":13},"end":{"line":22,"column":7}}],"line":18},"3":{"loc":{"start":{"line":29,"column":4},"end":{"line":31,"column":5}},"type":"if","locations":[{"start":{"line":29,"column":4},"end":{"line":31,"column":5}},{"start":{},"end":{}}],"line":29}},"s":{"0":0,"1":0,"2":0,"3":0,"4":0,"5":0,"6":0,"7":0,"8":0,"9":0,"10":0,"11":0,"12":0,"13":0,"14":0,"15":0,"16":0,"17":0,"18":0,"19":0},"f":{"0":0,"1":0,"2":0,"3":0,"4":0,"5":0},"b":{"0":[0,0],"1":[0,0],"2":[0,0],"3":[0,0]}}
,"/Users/devshah/github-profile-api-1/components/UserInfoCard.js": {"path":"/Users/devshah/github-profile-api-1/components/UserInfoCard.js","statementMap":{"0":{"start":{"line":7,"column":2},"end":{"line":49,"column":4}}},"fnMap":{"0":{"name":"UserInfoCard","decl":{"start":{"line":6,"column":16},"end":{"line":6,"column":28}},"loc":{"start":{"line":6,"column":43},"end":{"line":50,"column":1}},"line":6}},"branchMap":{"0":{"loc":{"start":{"line":13,"column":12},"end":{"line":15,"column":35}},"type":"cond-expr","locations":[{"start":{"line":14,"column":16},"end":{"line":14,"column":59}},{"start":{"line":15,"column":16},"end":{"line":15,"column":35}}],"line":13},"1":{"loc":{"start":{"line":18,"column":7},"end":{"line":31,"column":7}},"type":"cond-expr","locations":[{"start":{"line":19,"column":8},"end":{"line":19,"column":53}},{"start":{"line":20,"column":10},"end":{"line":31,"column":7}}],"line":18},"2":{"loc":{"start":{"line":20,"column":10},"end":{"line":31,"column":7}},"type":"cond-expr","locations":[{"start":{"line":21,"column":8},"end":{"line":21,"column":64}},{"start":{"line":23,"column":8},"end":{"line":30,"column":15}}],"line":20},"3":{"loc":{"start":{"line":33,"column":7},"end":{"line":39,"column":14}},"type":"cond-expr","locations":[{"start":{"line":34,"column":8},"end":{"line":36,"column":15}},{"start":{"line":37,"column":10},"end":{"line":39,"column":14}}],"line":33},"4":{"loc":{"start":{"line":37,"column":10},"end":{"line":39,"column":14}},"type":"cond-expr","locations":[{"start":{"line":38,"column":8},"end":{"line":38,"column":78}},{"start":{"line":39,"column":10},"end":{"line":39,"column":14}}],"line":37},"5":{"loc":{"start":{"line":42,"column":9},"end":{"line":46,"column":14}},"type":"cond-expr","locations":[{"start":{"line":43,"column":12},"end":{"line":45,"column":24}},{"start":{"line":46,"column":12},"end":{"line":46,"column":14}}],"line":42},"6":{"loc":{"start":{"line":43,"column":12},"end":{"line":45,"column":24}},"type":"cond-expr","locations":[{"start":{"line":44,"column":14},"end":{"line":44,"column":28}},{"start":{"line":45,"column":14},"end":{"line":45,"column":24}}],"line":43}},"s":{"0":0},"f":{"0":0},"b":{"0":[0,0],"1":[0,0],"2":[0,0],"3":[0,0],"4":[0,0],"5":[0,0],"6":[0,0]}}
,"/Users/devshah/github-profile-api-1/components/WebView.js": {"path":"/Users/devshah/github-profile-api-1/components/WebView.js","statementMap":{"0":{"start":{"line":4,"column":32},"end":{"line":7,"column":1}},"1":{"start":{"line":5,"column":21},"end":{"line":5,"column":33}},"2":{"start":{"line":6,"column":2},"end":{"line":6,"column":54}}},"fnMap":{"0":{"name":"(anonymous_0)","decl":{"start":{"line":4,"column":32},"end":{"line":4,"column":33}},"loc":{"start":{"line":4,"column":47},"end":{"line":7,"column":1}},"line":4}},"branchMap":{},"s":{"0":0,"1":0,"2":0},"f":{"0":0},"b":{}}
,"/Users/devshah/github-profile-api-1/screens/LoginScreen.js": {"path":"/Users/devshah/github-profile-api-1/screens/LoginScreen.js","statementMap":{"0":{"start":{"line":20,"column":20},"end":{"line":125,"column":1}},"1":{"start":{"line":21,"column":28},"end":{"line":21,"column":40}},"2":{"start":{"line":22,"column":34},"end":{"line":22,"column":46}},"3":{"start":{"line":23,"column":21},"end":{"line":23,"column":36}},"4":{"start":{"line":25,"column":4},"end":{"line":25,"column":79}},"5":{"start":{"line":27,"column":23},"end":{"line":37,"column":3}},"6":{"start":{"line":29,"column":4},"end":{"line":36,"column":13}},"7":{"start":{"line":32,"column":25},"end":{"line":32,"column":45}},"8":{"start":{"line":33,"column":12},"end":{"line":33,"column":36}},"9":{"start":{"line":35,"column":24},"end":{"line":35,"column":40}},"10":{"start":{"line":39,"column":22},"end":{"line":49,"column":3}},"11":{"start":{"line":40,"column":4},"end":{"line":48,"column":13}},"12":{"start":{"line":43,"column":25},"end":{"line":43,"column":45}},"13":{"start":{"line":44,"column":12},"end":{"line":44,"column":36}},"14":{"start":{"line":47,"column":24},"end":{"line":47,"column":40}},"15":{"start":{"line":50,"column":24},"end":{"line":56,"column":3}},"16":{"start":{"line":51,"column":4},"end":{"line":55,"column":8}},"17":{"start":{"line":57,"column":24},"end":{"line":72,"column":3}},"18":{"start":{"line":60,"column":4},"end":{"line":71,"column":5}},"19":{"start":{"line":61,"column":6},"end":{"line":61,"column":45}},"20":{"start":{"line":62,"column":6},"end":{"line":62,"column":19}},"21":{"start":{"line":63,"column":11},"end":{"line":71,"column":5}},"22":{"start":{"line":64,"column":6},"end":{"line":64,"column":58}},"23":{"start":{"line":65,"column":6},"end":{"line":65,"column":19}},"24":{"start":{"line":66,"column":11},"end":{"line":71,"column":5}},"25":{"start":{"line":67,"column":6},"end":{"line":67,"column":56}},"26":{"start":{"line":68,"column":6},"end":{"line":68,"column":19}},"27":{"start":{"line":70,"column":6},"end":{"line":70,"column":18}},"28":{"start":{"line":74,"column":2},"end":{"line":83,"column":9}},"29":{"start":{"line":75,"column":24},"end":{"line":81,"column":6}},"30":{"start":{"line":76,"column":6},"end":{"line":80,"column":7}},"31":{"start":{"line":77,"column":8},"end":{"line":77,"column":34}},"32":{"start":{"line":78,"column":8},"end":{"line":78,"column":36}},"33":{"start":{"line":79,"column":8},"end":{"line":79,"column":33}},"34":{"start":{"line":82,"column":4},"end":{"line":82,"column":23}},"35":{"start":{"line":85,"column":2},"end":{"line":124,"column":4}},"36":{"start":{"line":101,"column":34},"end":{"line":101,"column":48}},"37":{"start":{"line":109,"column":34},"end":{"line":109,"column":51}}},"fnMap":{"0":{"name":"(anonymous_0)","decl":{"start":{"line":20,"column":20},"end":{"line":20,"column":21}},"loc":{"start":{"line":20,"column":26},"end":{"line":125,"column":1}},"line":20},"1":{"name":"(anonymous_1)","decl":{"start":{"line":27,"column":23},"end":{"line":27,"column":24}},"loc":{"start":{"line":27,"column":29},"end":{"line":37,"column":3}},"line":27},"2":{"name":"(anonymous_2)","decl":{"start":{"line":31,"column":16},"end":{"line":31,"column":17}},"loc":{"start":{"line":31,"column":37},"end":{"line":34,"column":11}},"line":31},"3":{"name":"(anonymous_3)","decl":{"start":{"line":35,"column":17},"end":{"line":35,"column":18}},"loc":{"start":{"line":35,"column":24},"end":{"line":35,"column":40}},"line":35},"4":{"name":"(anonymous_4)","decl":{"start":{"line":39,"column":22},"end":{"line":39,"column":23}},"loc":{"start":{"line":39,"column":28},"end":{"line":49,"column":3}},"line":39},"5":{"name":"(anonymous_5)","decl":{"start":{"line":42,"column":16},"end":{"line":42,"column":17}},"loc":{"start":{"line":42,"column":37},"end":{"line":46,"column":11}},"line":42},"6":{"name":"(anonymous_6)","decl":{"start":{"line":47,"column":17},"end":{"line":47,"column":18}},"loc":{"start":{"line":47,"column":24},"end":{"line":47,"column":40}},"line":47},"7":{"name":"(anonymous_7)","decl":{"start":{"line":50,"column":24},"end":{"line":50,"column":25}},"loc":{"start":{"line":50,"column":35},"end":{"line":56,"column":3}},"line":50},"8":{"name":"(anonymous_8)","decl":{"start":{"line":57,"column":24},"end":{"line":57,"column":25}},"loc":{"start":{"line":57,"column":45},"end":{"line":72,"column":3}},"line":57},"9":{"name":"(anonymous_9)","decl":{"start":{"line":74,"column":12},"end":{"line":74,"column":13}},"loc":{"start":{"line":74,"column":18},"end":{"line":83,"column":3}},"line":74},"10":{"name":"(anonymous_10)","decl":{"start":{"line":75,"column":49},"end":{"line":75,"column":50}},"loc":{"start":{"line":75,"column":59},"end":{"line":81,"column":5}},"line":75},"11":{"name":"(anonymous_11)","decl":{"start":{"line":101,"column":24},"end":{"line":101,"column":25}},"loc":{"start":{"line":101,"column":34},"end":{"line":101,"column":48}},"line":101},"12":{"name":"(anonymous_12)","decl":{"start":{"line":109,"column":24},"end":{"line":109,"column":25}},"loc":{"start":{"line":109,"column":34},"end":{"line":109,"column":51}},"line":109}},"branchMap":{"0":{"loc":{"start":{"line":29,"column":4},"end":{"line":36,"column":12}},"type":"cond-expr","locations":[{"start":{"line":30,"column":8},"end":{"line":35,"column":41}},{"start":{"line":36,"column":8},"end":{"line":36,"column":12}}],"line":29},"1":{"loc":{"start":{"line":40,"column":4},"end":{"line":48,"column":12}},"type":"cond-expr","locations":[{"start":{"line":41,"column":8},"end":{"line":47,"column":41}},{"start":{"line":48,"column":8},"end":{"line":48,"column":12}}],"line":40},"2":{"loc":{"start":{"line":60,"column":4},"end":{"line":71,"column":5}},"type":"if","locations":[{"start":{"line":60,"column":4},"end":{"line":71,"column":5}},{"start":{"line":63,"column":11},"end":{"line":71,"column":5}}],"line":60},"3":{"loc":{"start":{"line":63,"column":11},"end":{"line":71,"column":5}},"type":"if","locations":[{"start":{"line":63,"column":11},"end":{"line":71,"column":5}},{"start":{"line":66,"column":11},"end":{"line":71,"column":5}}],"line":63},"4":{"loc":{"start":{"line":66,"column":11},"end":{"line":71,"column":5}},"type":"if","locations":[{"start":{"line":66,"column":11},"end":{"line":71,"column":5}},{"start":{"line":69,"column":11},"end":{"line":71,"column":5}}],"line":66},"5":{"loc":{"start":{"line":76,"column":6},"end":{"line":80,"column":7}},"type":"if","locations":[{"start":{"line":76,"column":6},"end":{"line":80,"column":7}},{"start":{},"end":{}}],"line":76}},"s":{"0":0,"1":0,"2":0,"3":0,"4":0,"5":0,"6":0,"7":0,"8":0,"9":0,"10":0,"11":0,"12":0,"13":0,"14":0,"15":0,"16":0,"17":0,"18":0,"19":0,"20":0,"21":0,"22":0,"23":0,"24":0,"25":0,"26":0,"27":0,"28":0,"29":0,"30":0,"31":0,"32":0,"33":0,"34":0,"35":0,"36":0,"37":0},"f":{"0":0,"1":0,"2":0,"3":0,"4":0,"5":0,"6":0,"7":0,"8":0,"9":0,"10":0,"11":0,"12":0},"b":{"0":[0,0],"1":[0,0],"2":[0,0],"3":[0,0],"4":[0,0],"5":[0,0]}}
,"/Users/devshah/github-profile-api-1/screens/SearchUserProfile.js": {"path":"/Users/devshah/github-profile-api-1/screens/SearchUserProfile.js","statementMap":{"0":{"start":{"line":11,"column":34},"end":{"line":11,"column":46}},"1":{"start":{"line":13,"column":40},"end":{"line":13,"column":52}},"2":{"start":{"line":14,"column":18},"end":{"line":14,"column":63}},"3":{"start":{"line":16,"column":22},"end":{"line":38,"column":3}},"4":{"start":{"line":17,"column":4},"end":{"line":37,"column":5}},"5":{"start":{"line":18,"column":6},"end":{"line":34,"column":7}},"6":{"start":{"line":19,"column":25},"end":{"line":19,"column":47}},"7":{"start":{"line":20,"column":25},"end":{"line":20,"column":46}},"8":{"start":{"line":21,"column":8},"end":{"line":33,"column":9}},"9":{"start":{"line":23,"column":10},"end":{"line":23,"column":32}},"10":{"start":{"line":24,"column":10},"end":{"line":24,"column":32}},"11":{"start":{"line":25,"column":15},"end":{"line":33,"column":9}},"12":{"start":{"line":26,"column":10},"end":{"line":26,"column":73}},"13":{"start":{"line":28,"column":10},"end":{"line":28,"column":49}},"14":{"start":{"line":29,"column":10},"end":{"line":29,"column":26}},"15":{"start":{"line":31,"column":10},"end":{"line":31,"column":73}},"16":{"start":{"line":32,"column":10},"end":{"line":32,"column":26}},"17":{"start":{"line":36,"column":6},"end":{"line":36,"column":38}},"18":{"start":{"line":40,"column":2},"end":{"line":55,"column":4}},"19":{"start":{"line":45,"column":31},"end":{"line":45,"column":48}},"20":{"start":{"line":46,"column":29},"end":{"line":46,"column":42}}},"fnMap":{"0":{"name":"Main","decl":{"start":{"line":10,"column":9},"end":{"line":10,"column":13}},"loc":{"start":{"line":10,"column":16},"end":{"line":56,"column":1}},"line":10},"1":{"name":"(anonymous_1)","decl":{"start":{"line":16,"column":22},"end":{"line":16,"column":23}},"loc":{"start":{"line":16,"column":34},"end":{"line":38,"column":3}},"line":16},"2":{"name":"(anonymous_2)","decl":{"start":{"line":45,"column":24},"end":{"line":45,"column":25}},"loc":{"start":{"line":45,"column":31},"end":{"line":45,"column":48}},"line":45},"3":{"name":"(anonymous_3)","decl":{"start":{"line":46,"column":23},"end":{"line":46,"column":24}},"loc":{"start":{"line":46,"column":29},"end":{"line":46,"column":42}},"line":46}},"branchMap":{"0":{"loc":{"start":{"line":18,"column":6},"end":{"line":34,"column":7}},"type":"if","locations":[{"start":{"line":18,"column":6},"end":{"line":34,"column":7}},{"start":{},"end":{}}],"line":18},"1":{"loc":{"start":{"line":21,"column":8},"end":{"line":33,"column":9}},"type":"if","locations":[{"start":{"line":21,"column":8},"end":{"line":33,"column":9}},{"start":{"line":25,"column":15},"end":{"line":33,"column":9}}],"line":21},"2":{"loc":{"start":{"line":21,"column":12},"end":{"line":21,"column":56}},"type":"binary-expr","locations":[{"start":{"line":21,"column":12},"end":{"line":21,"column":20}},{"start":{"line":21,"column":24},"end":{"line":21,"column":56}}],"line":21},"3":{"loc":{"start":{"line":25,"column":15},"end":{"line":33,"column":9}},"type":"if","locations":[{"start":{"line":25,"column":15},"end":{"line":33,"column":9}},{"start":{"line":30,"column":15},"end":{"line":33,"column":9}}],"line":25}},"s":{"0":0,"1":0,"2":0,"3":0,"4":0,"5":0,"6":0,"7":0,"8":0,"9":0,"10":0,"11":0,"12":0,"13":0,"14":0,"15":0,"16":0,"17":0,"18":0,"19":0,"20":0},"f":{"0":0,"1":0,"2":0,"3":0},"b":{"0":[0,0],"1":[0,0],"2":[0,0],"3":[0,0]}}
,"/Users/devshah/github-profile-api-1/styles/appStyles.js": {"path":"/Users/devshah/github-profile-api-1/styles/appStyles.js","statementMap":{"0":{"start":{"line":3,"column":25},"end":{"line":99,"column":2}}},"fnMap":{},"branchMap":{},"s":{"0":0},"f":{},"b":{}}
}
