{"/Users/devshah/github-profile-api-1/App.js": {"path":"/Users/devshah/github-profile-api-1/App.js","statementMap":{"0":{"start":{"line":11,"column":14},"end":{"line":11,"column":42}},"1":{"start":{"line":14,"column":2},"end":{"line":39,"column":4}},"2":{"start":{"line":27,"column":32},"end":{"line":27,"column":40}},"3":{"start":{"line":28,"column":33},"end":{"line":28,"column":49}}},"fnMap":{"0":{"name":"App","decl":{"start":{"line":13,"column":16},"end":{"line":13,"column":19}},"loc":{"start":{"line":13,"column":22},"end":{"line":40,"column":1}},"line":13},"1":{"name":"(anonymous_1)","decl":{"start":{"line":27,"column":26},"end":{"line":27,"column":27}},"loc":{"start":{"line":27,"column":32},"end":{"line":27,"column":40}},"line":27},"2":{"name":"(anonymous_2)","decl":{"start":{"line":28,"column":27},"end":{"line":28,"column":28}},"loc":{"start":{"line":28,"column":33},"end":{"line":28,"column":49}},"line":28}},"branchMap":{},"s":{"0":0,"1":0,"2":0,"3":0},"f":{"0":0,"1":0,"2":0},"b":{}}
,"/Users/devshah/github-profile-api-1/StoreFile.js": {"path":"/Users/devshah/github-profile-api-1/StoreFile.js","statementMap":{"0":{"start":{"line":5,"column":14},"end":{"line":5,"column":54}}},"fnMap":{},"branchMap":{},"s":{"0":0},"f":{},"b":{}}
,"/Users/devshah/github-profile-api-1/firebase.js": {"path":"/Users/devshah/github-profile-api-1/firebase.js","statementMap":{"0":{"start":{"line":4,"column":23},"end":{"line":11,"column":1}},"1":{"start":{"line":13,"column":0},"end":{"line":13,"column":36}},"2":{"start":{"line":14,"column":20},"end":{"line":14,"column":32}}},"fnMap":{},"branchMap":{},"s":{"0":1,"1":1,"2":1},"f":{},"b":{},"_coverageSchema":"1a1c01bbd47fc00a2c39e90264f33305004495a9","hash":"3142acf68501bc95fc97d4c2043de852137762f2"}
,"/Users/devshah/github-profile-api-1/index.js": {"path":"/Users/devshah/github-profile-api-1/index.js","statementMap":{"0":{"start":{"line":9,"column":0},"end":{"line":9,"column":27}},"1":{"start":{"line":10,"column":0},"end":{"line":10,"column":23}}},"fnMap":{},"branchMap":{},"s":{"0":0,"1":0},"f":{},"b":{}}
,"/Users/devshah/github-profile-api-1/metro.config.js": {"path":"/Users/devshah/github-profile-api-1/metro.config.js","statementMap":{"0":{"start":{"line":2,"column":29},"end":{"line":2,"column":57}},"1":{"start":{"line":4,"column":0},"end":{"line":4,"column":45}}},"fnMap":{},"branchMap":{},"s":{"0":0,"1":0},"f":{},"b":{}}
,"/Users/devshah/github-profile-api-1/actions/LoginActions.js": {"path":"/Users/devshah/github-profile-api-1/actions/LoginActions.js","statementMap":{"0":{"start":{"line":2,"column":27},"end":{"line":6,"column":1}},"1":{"start":{"line":9,"column":2},"end":{"line":12,"column":4}},"2":{"start":{"line":16,"column":2},"end":{"line":19,"column":4}},"3":{"start":{"line":23,"column":2},"end":{"line":25,"column":4}}},"fnMap":{"0":{"name":"handleLoginData","decl":{"start":{"line":8,"column":16},"end":{"line":8,"column":31}},"loc":{"start":{"line":8,"column":38},"end":{"line":13,"column":1}},"line":8},"1":{"name":"handleRegisterData","decl":{"start":{"line":15,"column":16},"end":{"line":15,"column":34}},"loc":{"start":{"line":15,"column":41},"end":{"line":20,"column":1}},"line":15},"2":{"name":"handleLogOut","decl":{"start":{"line":22,"column":16},"end":{"line":22,"column":28}},"loc":{"start":{"line":22,"column":31},"end":{"line":26,"column":1}},"line":22}},"branchMap":{},"s":{"0":1,"1":0,"2":0,"3":0},"f":{"0":0,"1":0,"2":0},"b":{},"_coverageSchema":"1a1c01bbd47fc00a2c39e90264f33305004495a9","hash":"d9cd1f56b3f80c7e085745421130c4be54741d93"}
,"/Users/devshah/github-profile-api-1/assets/Constants.js": {"path":"/Users/devshah/github-profile-api-1/assets/Constants.js","statementMap":{"0":{"start":{"line":1,"column":25},"end":{"line":1,"column":55}},"1":{"start":{"line":4,"column":2},"end":{"line":4,"column":77}}},"fnMap":{},"branchMap":{},"s":{"0":0,"1":0},"f":{},"b":{}}
,"/Users/devshah/github-profile-api-1/components/LogOutButton.js": {"path":"/Users/devshah/github-profile-api-1/components/LogOutButton.js","statementMap":{"0":{"start":{"line":7,"column":28},"end":{"line":23,"column":1}},"1":{"start":{"line":8,"column":21},"end":{"line":8,"column":36}},"2":{"start":{"line":9,"column":19},"end":{"line":9,"column":32}},"3":{"start":{"line":11,"column":27},"end":{"line":14,"column":3}},"4":{"start":{"line":12,"column":4},"end":{"line":12,"column":28}},"5":{"start":{"line":13,"column":4},"end":{"line":13,"column":33}},"6":{"start":{"line":16,"column":2},"end":{"line":22,"column":4}}},"fnMap":{"0":{"name":"(anonymous_0)","decl":{"start":{"line":7,"column":28},"end":{"line":7,"column":29}},"loc":{"start":{"line":7,"column":34},"end":{"line":23,"column":1}},"line":7},"1":{"name":"(anonymous_1)","decl":{"start":{"line":11,"column":27},"end":{"line":11,"column":28}},"loc":{"start":{"line":11,"column":33},"end":{"line":14,"column":3}},"line":11}},"branchMap":{},"s":{"0":0,"1":0,"2":0,"3":0,"4":0,"5":0,"6":0},"f":{"0":0,"1":0},"b":{}}
,"/Users/devshah/github-profile-api-1/components/PublicRepos.js": {"path":"/Users/devshah/github-profile-api-1/components/PublicRepos.js","statementMap":{"0":{"start":{"line":7,"column":21},"end":{"line":7,"column":36}},"1":{"start":{"line":9,"column":34},"end":{"line":9,"column":46}},"2":{"start":{"line":11,"column":21},"end":{"line":16,"column":3}},"3":{"start":{"line":12,"column":4},"end":{"line":15,"column":5}},"4":{"start":{"line":13,"column":20},"end":{"line":13,"column":57}},"5":{"start":{"line":14,"column":6},"end":{"line":14,"column":25}},"6":{"start":{"line":18,"column":2},"end":{"line":20,"column":17}},"7":{"start":{"line":19,"column":4},"end":{"line":19,"column":17}},"8":{"start":{"line":22,"column":2},"end":{"line":51,"column":4}},"9":{"start":{"line":31,"column":34},"end":{"line":31,"column":36}},"10":{"start":{"line":33,"column":10},"end":{"line":47,"column":29}},"11":{"start":{"line":36,"column":14},"end":{"line":36,"column":69}}},"fnMap":{"0":{"name":"PublicRepos","decl":{"start":{"line":6,"column":16},"end":{"line":6,"column":27}},"loc":{"start":{"line":6,"column":42},"end":{"line":52,"column":1}},"line":6},"1":{"name":"(anonymous_1)","decl":{"start":{"line":11,"column":21},"end":{"line":11,"column":22}},"loc":{"start":{"line":11,"column":33},"end":{"line":16,"column":3}},"line":11},"2":{"name":"(anonymous_2)","decl":{"start":{"line":18,"column":12},"end":{"line":18,"column":13}},"loc":{"start":{"line":18,"column":18},"end":{"line":20,"column":3}},"line":18},"3":{"name":"(anonymous_3)","decl":{"start":{"line":31,"column":22},"end":{"line":31,"column":23}},"loc":{"start":{"line":31,"column":34},"end":{"line":31,"column":36}},"line":31},"4":{"name":"(anonymous_4)","decl":{"start":{"line":32,"column":20},"end":{"line":32,"column":21}},"loc":{"start":{"line":33,"column":10},"end":{"line":47,"column":29}},"line":33},"5":{"name":"(anonymous_5)","decl":{"start":{"line":35,"column":21},"end":{"line":35,"column":22}},"loc":{"start":{"line":36,"column":14},"end":{"line":36,"column":69}},"line":36}},"branchMap":{"0":{"loc":{"start":{"line":12,"column":4},"end":{"line":15,"column":5}},"type":"if","locations":[{"start":{"line":12,"column":4},"end":{"line":15,"column":5}},{"start":{},"end":{}}],"line":12}},"s":{"0":0,"1":0,"2":0,"3":0,"4":0,"5":0,"6":0,"7":0,"8":0,"9":0,"10":0,"11":0},"f":{"0":0,"1":0,"2":0,"3":0,"4":0,"5":0},"b":{"0":[0,0]}}
,"/Users/devshah/github-profile-api-1/components/UserInfoCard.js": {"path":"/Users/devshah/github-profile-api-1/components/UserInfoCard.js","statementMap":{"0":{"start":{"line":7,"column":2},"end":{"line":49,"column":4}}},"fnMap":{"0":{"name":"UserInfoCard","decl":{"start":{"line":6,"column":16},"end":{"line":6,"column":28}},"loc":{"start":{"line":6,"column":43},"end":{"line":50,"column":1}},"line":6}},"branchMap":{"0":{"loc":{"start":{"line":13,"column":12},"end":{"line":15,"column":35}},"type":"cond-expr","locations":[{"start":{"line":14,"column":16},"end":{"line":14,"column":59}},{"start":{"line":15,"column":16},"end":{"line":15,"column":35}}],"line":13},"1":{"loc":{"start":{"line":18,"column":7},"end":{"line":31,"column":7}},"type":"cond-expr","locations":[{"start":{"line":19,"column":8},"end":{"line":19,"column":53}},{"start":{"line":20,"column":10},"end":{"line":31,"column":7}}],"line":18},"2":{"loc":{"start":{"line":20,"column":10},"end":{"line":31,"column":7}},"type":"cond-expr","locations":[{"start":{"line":21,"column":8},"end":{"line":21,"column":64}},{"start":{"line":23,"column":8},"end":{"line":30,"column":15}}],"line":20},"3":{"loc":{"start":{"line":33,"column":7},"end":{"line":39,"column":14}},"type":"cond-expr","locations":[{"start":{"line":34,"column":8},"end":{"line":36,"column":15}},{"start":{"line":37,"column":10},"end":{"line":39,"column":14}}],"line":33},"4":{"loc":{"start":{"line":37,"column":10},"end":{"line":39,"column":14}},"type":"cond-expr","locations":[{"start":{"line":38,"column":8},"end":{"line":38,"column":78}},{"start":{"line":39,"column":10},"end":{"line":39,"column":14}}],"line":37},"5":{"loc":{"start":{"line":42,"column":9},"end":{"line":46,"column":14}},"type":"cond-expr","locations":[{"start":{"line":43,"column":12},"end":{"line":45,"column":24}},{"start":{"line":46,"column":12},"end":{"line":46,"column":14}}],"line":42},"6":{"loc":{"start":{"line":43,"column":12},"end":{"line":45,"column":24}},"type":"cond-expr","locations":[{"start":{"line":44,"column":14},"end":{"line":44,"column":28}},{"start":{"line":45,"column":14},"end":{"line":45,"column":24}}],"line":43}},"s":{"0":0},"f":{"0":0},"b":{"0":[0,0],"1":[0,0],"2":[0,0],"3":[0,0],"4":[0,0],"5":[0,0],"6":[0,0]}}
,"/Users/devshah/github-profile-api-1/components/WebView.js": {"path":"/Users/devshah/github-profile-api-1/components/WebView.js","statementMap":{"0":{"start":{"line":4,"column":32},"end":{"line":7,"column":1}},"1":{"start":{"line":5,"column":21},"end":{"line":5,"column":33}},"2":{"start":{"line":6,"column":2},"end":{"line":6,"column":54}}},"fnMap":{"0":{"name":"(anonymous_0)","decl":{"start":{"line":4,"column":32},"end":{"line":4,"column":33}},"loc":{"start":{"line":4,"column":47},"end":{"line":7,"column":1}},"line":4}},"branchMap":{},"s":{"0":0,"1":0,"2":0},"f":{"0":0},"b":{}}
,"/Users/devshah/github-profile-api-1/reducers/LoginReducers.js": {"path":"/Users/devshah/github-profile-api-1/reducers/LoginReducers.js","statementMap":{"0":{"start":{"line":3,"column":28},"end":{"line":5,"column":1}},"1":{"start":{"line":7,"column":29},"end":{"line":23,"column":1}},"2":{"start":{"line":8,"column":2},"end":{"line":8,"column":30}},"3":{"start":{"line":9,"column":2},"end":{"line":22,"column":3}},"4":{"start":{"line":11,"column":6},"end":{"line":11,"column":57}},"5":{"start":{"line":12,"column":6},"end":{"line":12,"column":48}},"6":{"start":{"line":15,"column":6},"end":{"line":15,"column":48}},"7":{"start":{"line":18,"column":6},"end":{"line":18,"column":43}},"8":{"start":{"line":20,"column":6},"end":{"line":20,"column":42}},"9":{"start":{"line":21,"column":6},"end":{"line":21,"column":19}}},"fnMap":{"0":{"name":"(anonymous_0)","decl":{"start":{"line":7,"column":29},"end":{"line":7,"column":30}},"loc":{"start":{"line":7,"column":63},"end":{"line":23,"column":1}},"line":7}},"branchMap":{"0":{"loc":{"start":{"line":7,"column":30},"end":{"line":7,"column":50}},"type":"default-arg","locations":[{"start":{"line":7,"column":38},"end":{"line":7,"column":50}}],"line":7},"1":{"loc":{"start":{"line":9,"column":2},"end":{"line":22,"column":3}},"type":"switch","locations":[{"start":{"line":10,"column":4},"end":{"line":12,"column":48}},{"start":{"line":14,"column":4},"end":{"line":15,"column":48}},{"start":{"line":17,"column":4},"end":{"line":18,"column":43}},{"start":{"line":19,"column":4},"end":{"line":21,"column":19}}],"line":9}},"s":{"0":0,"1":0,"2":0,"3":0,"4":0,"5":0,"6":0,"7":0,"8":0,"9":0},"f":{"0":0},"b":{"0":[0],"1":[0,0,0,0]}}
,"/Users/devshah/github-profile-api-1/reducers/rootReducer.js": {"path":"/Users/devshah/github-profile-api-1/reducers/rootReducer.js","statementMap":{"0":{"start":{"line":4,"column":20},"end":{"line":6,"column":2}}},"fnMap":{},"branchMap":{},"s":{"0":0},"f":{},"b":{}}
,"/Users/devshah/github-profile-api-1/screens/LoginScreen.js": {"path":"/Users/devshah/github-profile-api-1/screens/LoginScreen.js","statementMap":{"0":{"start":{"line":19,"column":20},"end":{"line":80,"column":1}},"1":{"start":{"line":20,"column":19},"end":{"line":20,"column":32}},"2":{"start":{"line":21,"column":28},"end":{"line":21,"column":40}},"3":{"start":{"line":22,"column":34},"end":{"line":22,"column":46}},"4":{"start":{"line":23,"column":21},"end":{"line":23,"column":36}},"5":{"start":{"line":25,"column":2},"end":{"line":32,"column":9}},"6":{"start":{"line":26,"column":24},"end":{"line":30,"column":6}},"7":{"start":{"line":27,"column":6},"end":{"line":29,"column":7}},"8":{"start":{"line":28,"column":8},"end":{"line":28,"column":36}},"9":{"start":{"line":31,"column":4},"end":{"line":31,"column":23}},"10":{"start":{"line":34,"column":2},"end":{"line":79,"column":4}},"11":{"start":{"line":50,"column":34},"end":{"line":50,"column":48}},"12":{"start":{"line":58,"column":34},"end":{"line":58,"column":51}},"13":{"start":{"line":63,"column":25},"end":{"line":63,"column":63}},"14":{"start":{"line":72,"column":25},"end":{"line":72,"column":64}}},"fnMap":{"0":{"name":"(anonymous_0)","decl":{"start":{"line":19,"column":20},"end":{"line":19,"column":21}},"loc":{"start":{"line":19,"column":26},"end":{"line":80,"column":1}},"line":19},"1":{"name":"(anonymous_1)","decl":{"start":{"line":25,"column":12},"end":{"line":25,"column":13}},"loc":{"start":{"line":25,"column":18},"end":{"line":32,"column":3}},"line":25},"2":{"name":"(anonymous_2)","decl":{"start":{"line":26,"column":49},"end":{"line":26,"column":50}},"loc":{"start":{"line":26,"column":59},"end":{"line":30,"column":5}},"line":26},"3":{"name":"(anonymous_3)","decl":{"start":{"line":50,"column":24},"end":{"line":50,"column":25}},"loc":{"start":{"line":50,"column":34},"end":{"line":50,"column":48}},"line":50},"4":{"name":"(anonymous_4)","decl":{"start":{"line":58,"column":24},"end":{"line":58,"column":25}},"loc":{"start":{"line":58,"column":34},"end":{"line":58,"column":51}},"line":58},"5":{"name":"(anonymous_5)","decl":{"start":{"line":63,"column":19},"end":{"line":63,"column":20}},"loc":{"start":{"line":63,"column":25},"end":{"line":63,"column":63}},"line":63},"6":{"name":"(anonymous_6)","decl":{"start":{"line":72,"column":19},"end":{"line":72,"column":20}},"loc":{"start":{"line":72,"column":25},"end":{"line":72,"column":64}},"line":72}},"branchMap":{"0":{"loc":{"start":{"line":27,"column":6},"end":{"line":29,"column":7}},"type":"if","locations":[{"start":{"line":27,"column":6},"end":{"line":29,"column":7}},{"start":{},"end":{}}],"line":27}},"s":{"0":0,"1":0,"2":0,"3":0,"4":0,"5":0,"6":0,"7":0,"8":0,"9":0,"10":0,"11":0,"12":0,"13":0,"14":0},"f":{"0":0,"1":0,"2":0,"3":0,"4":0,"5":0,"6":0},"b":{"0":[0,0]}}
,"/Users/devshah/github-profile-api-1/screens/SearchUserProfile.js": {"path":"/Users/devshah/github-profile-api-1/screens/SearchUserProfile.js","statementMap":{"0":{"start":{"line":11,"column":20},"end":{"line":50,"column":1}},"1":{"start":{"line":12,"column":34},"end":{"line":12,"column":46}},"2":{"start":{"line":14,"column":30},"end":{"line":14,"column":42}},"3":{"start":{"line":16,"column":23},"end":{"line":31,"column":3}},"4":{"start":{"line":17,"column":21},"end":{"line":17,"column":47}},"5":{"start":{"line":18,"column":4},"end":{"line":30,"column":5}},"6":{"start":{"line":19,"column":6},"end":{"line":27,"column":7}},"7":{"start":{"line":20,"column":8},"end":{"line":20,"column":30}},"8":{"start":{"line":21,"column":13},"end":{"line":27,"column":7}},"9":{"start":{"line":23,"column":8},"end":{"line":23,"column":69}},"10":{"start":{"line":24,"column":8},"end":{"line":24,"column":24}},"11":{"start":{"line":26,"column":8},"end":{"line":26,"column":24}},"12":{"start":{"line":29,"column":6},"end":{"line":29,"column":19}},"13":{"start":{"line":33,"column":2},"end":{"line":49,"column":4}},"14":{"start":{"line":39,"column":31},"end":{"line":39,"column":43}},"15":{"start":{"line":40,"column":29},"end":{"line":40,"column":49}}},"fnMap":{"0":{"name":"(anonymous_0)","decl":{"start":{"line":11,"column":20},"end":{"line":11,"column":21}},"loc":{"start":{"line":11,"column":26},"end":{"line":50,"column":1}},"line":11},"1":{"name":"(anonymous_1)","decl":{"start":{"line":16,"column":23},"end":{"line":16,"column":24}},"loc":{"start":{"line":16,"column":42},"end":{"line":31,"column":3}},"line":16},"2":{"name":"(anonymous_2)","decl":{"start":{"line":39,"column":24},"end":{"line":39,"column":25}},"loc":{"start":{"line":39,"column":31},"end":{"line":39,"column":43}},"line":39},"3":{"name":"(anonymous_3)","decl":{"start":{"line":40,"column":23},"end":{"line":40,"column":24}},"loc":{"start":{"line":40,"column":29},"end":{"line":40,"column":49}},"line":40}},"branchMap":{"0":{"loc":{"start":{"line":19,"column":6},"end":{"line":27,"column":7}},"type":"if","locations":[{"start":{"line":19,"column":6},"end":{"line":27,"column":7}},{"start":{"line":21,"column":13},"end":{"line":27,"column":7}}],"line":19},"1":{"loc":{"start":{"line":21,"column":13},"end":{"line":27,"column":7}},"type":"if","locations":[{"start":{"line":21,"column":13},"end":{"line":27,"column":7}},{"start":{"line":25,"column":13},"end":{"line":27,"column":7}}],"line":21}},"s":{"0":0,"1":0,"2":0,"3":0,"4":0,"5":0,"6":0,"7":0,"8":0,"9":0,"10":0,"11":0,"12":0,"13":0,"14":0,"15":0},"f":{"0":0,"1":0,"2":0,"3":0},"b":{"0":[0,0],"1":[0,0]}}
,"/Users/devshah/github-profile-api-1/services/GithubApiService.js": {"path":"/Users/devshah/github-profile-api-1/services/GithubApiService.js","statementMap":{"0":{"start":{"line":4,"column":27},"end":{"line":16,"column":1}},"1":{"start":{"line":6,"column":2},"end":{"line":15,"column":3}},"2":{"start":{"line":7,"column":21},"end":{"line":7,"column":41}},"3":{"start":{"line":8,"column":4},"end":{"line":12,"column":5}},"4":{"start":{"line":9,"column":6},"end":{"line":9,"column":27}},"5":{"start":{"line":11,"column":6},"end":{"line":11,"column":13}},"6":{"start":{"line":14,"column":4},"end":{"line":14,"column":23}},"7":{"start":{"line":18,"column":27},"end":{"line":36,"column":1}},"8":{"start":{"line":20,"column":21},"end":{"line":20,"column":46}},"9":{"start":{"line":22,"column":2},"end":{"line":35,"column":3}},"10":{"start":{"line":23,"column":4},"end":{"line":31,"column":5}},"11":{"start":{"line":24,"column":23},"end":{"line":24,"column":46}},"12":{"start":{"line":26,"column":6},"end":{"line":30,"column":7}},"13":{"start":{"line":27,"column":8},"end":{"line":27,"column":29}},"14":{"start":{"line":29,"column":8},"end":{"line":29,"column":25}},"15":{"start":{"line":32,"column":4},"end":{"line":32,"column":18}},"16":{"start":{"line":34,"column":4},"end":{"line":34,"column":17}}},"fnMap":{"0":{"name":"(anonymous_0)","decl":{"start":{"line":4,"column":27},"end":{"line":4,"column":28}},"loc":{"start":{"line":4,"column":42},"end":{"line":16,"column":1}},"line":4},"1":{"name":"(anonymous_1)","decl":{"start":{"line":18,"column":27},"end":{"line":18,"column":28}},"loc":{"start":{"line":18,"column":46},"end":{"line":36,"column":1}},"line":18}},"branchMap":{"0":{"loc":{"start":{"line":8,"column":4},"end":{"line":12,"column":5}},"type":"if","locations":[{"start":{"line":8,"column":4},"end":{"line":12,"column":5}},{"start":{"line":10,"column":11},"end":{"line":12,"column":5}}],"line":8},"1":{"loc":{"start":{"line":23,"column":4},"end":{"line":31,"column":5}},"type":"if","locations":[{"start":{"line":23,"column":4},"end":{"line":31,"column":5}},{"start":{},"end":{}}],"line":23},"2":{"loc":{"start":{"line":26,"column":6},"end":{"line":30,"column":7}},"type":"if","locations":[{"start":{"line":26,"column":6},"end":{"line":30,"column":7}},{"start":{"line":28,"column":13},"end":{"line":30,"column":7}}],"line":26}},"s":{"0":0,"1":0,"2":0,"3":0,"4":0,"5":0,"6":0,"7":0,"8":0,"9":0,"10":0,"11":0,"12":0,"13":0,"14":0,"15":0,"16":0},"f":{"0":0,"1":0},"b":{"0":[0,0],"1":[0,0],"2":[0,0]}}
,"/Users/devshah/github-profile-api-1/services/LoginService.js": {"path":"/Users/devshah/github-profile-api-1/services/LoginService.js","statementMap":{"0":{"start":{"line":14,"column":29},"end":{"line":22,"column":1}},"1":{"start":{"line":17,"column":2},"end":{"line":21,"column":6}},"2":{"start":{"line":24,"column":29},"end":{"line":39,"column":1}},"3":{"start":{"line":27,"column":2},"end":{"line":38,"column":3}},"4":{"start":{"line":28,"column":4},"end":{"line":28,"column":49}},"5":{"start":{"line":29,"column":4},"end":{"line":29,"column":17}},"6":{"start":{"line":30,"column":9},"end":{"line":38,"column":3}},"7":{"start":{"line":31,"column":4},"end":{"line":31,"column":62}},"8":{"start":{"line":32,"column":4},"end":{"line":32,"column":17}},"9":{"start":{"line":33,"column":9},"end":{"line":38,"column":3}},"10":{"start":{"line":34,"column":4},"end":{"line":34,"column":60}},"11":{"start":{"line":35,"column":4},"end":{"line":35,"column":17}},"12":{"start":{"line":37,"column":4},"end":{"line":37,"column":16}},"13":{"start":{"line":41,"column":28},"end":{"line":51,"column":1}},"14":{"start":{"line":41,"column":49},"end":{"line":51,"column":1}},"15":{"start":{"line":42,"column":2},"end":{"line":50,"column":11}},"16":{"start":{"line":45,"column":23},"end":{"line":45,"column":43}},"17":{"start":{"line":46,"column":10},"end":{"line":46,"column":28}},"18":{"start":{"line":47,"column":10},"end":{"line":47,"column":45}},"19":{"start":{"line":49,"column":22},"end":{"line":49,"column":38}},"20":{"start":{"line":53,"column":27},"end":{"line":63,"column":1}},"21":{"start":{"line":53,"column":48},"end":{"line":63,"column":1}},"22":{"start":{"line":54,"column":2},"end":{"line":62,"column":11}},"23":{"start":{"line":57,"column":23},"end":{"line":57,"column":47}},"24":{"start":{"line":59,"column":10},"end":{"line":59,"column":42}},"25":{"start":{"line":61,"column":22},"end":{"line":61,"column":38}},"26":{"start":{"line":65,"column":29},"end":{"line":71,"column":1}},"27":{"start":{"line":66,"column":2},"end":{"line":70,"column":36}},"28":{"start":{"line":68,"column":6},"end":{"line":68,"column":31}},"29":{"start":{"line":70,"column":18},"end":{"line":70,"column":34}}},"fnMap":{"0":{"name":"(anonymous_0)","decl":{"start":{"line":14,"column":29},"end":{"line":14,"column":30}},"loc":{"start":{"line":14,"column":40},"end":{"line":22,"column":1}},"line":14},"1":{"name":"(anonymous_1)","decl":{"start":{"line":24,"column":29},"end":{"line":24,"column":30}},"loc":{"start":{"line":24,"column":50},"end":{"line":39,"column":1}},"line":24},"2":{"name":"(anonymous_2)","decl":{"start":{"line":41,"column":28},"end":{"line":41,"column":29}},"loc":{"start":{"line":41,"column":49},"end":{"line":51,"column":1}},"line":41},"3":{"name":"(anonymous_3)","decl":{"start":{"line":41,"column":49},"end":{"line":41,"column":50}},"loc":{"start":{"line":41,"column":69},"end":{"line":51,"column":1}},"line":41},"4":{"name":"(anonymous_4)","decl":{"start":{"line":44,"column":14},"end":{"line":44,"column":15}},"loc":{"start":{"line":44,"column":35},"end":{"line":48,"column":9}},"line":44},"5":{"name":"(anonymous_5)","decl":{"start":{"line":49,"column":15},"end":{"line":49,"column":16}},"loc":{"start":{"line":49,"column":22},"end":{"line":49,"column":38}},"line":49},"6":{"name":"(anonymous_6)","decl":{"start":{"line":53,"column":27},"end":{"line":53,"column":28}},"loc":{"start":{"line":53,"column":48},"end":{"line":63,"column":1}},"line":53},"7":{"name":"(anonymous_7)","decl":{"start":{"line":53,"column":48},"end":{"line":53,"column":49}},"loc":{"start":{"line":53,"column":68},"end":{"line":63,"column":1}},"line":53},"8":{"name":"(anonymous_8)","decl":{"start":{"line":56,"column":14},"end":{"line":56,"column":15}},"loc":{"start":{"line":56,"column":35},"end":{"line":60,"column":9}},"line":56},"9":{"name":"(anonymous_9)","decl":{"start":{"line":61,"column":15},"end":{"line":61,"column":16}},"loc":{"start":{"line":61,"column":22},"end":{"line":61,"column":38}},"line":61},"10":{"name":"(anonymous_10)","decl":{"start":{"line":65,"column":29},"end":{"line":65,"column":30}},"loc":{"start":{"line":65,"column":49},"end":{"line":71,"column":1}},"line":65},"11":{"name":"(anonymous_11)","decl":{"start":{"line":67,"column":10},"end":{"line":67,"column":11}},"loc":{"start":{"line":67,"column":16},"end":{"line":69,"column":5}},"line":67},"12":{"name":"(anonymous_12)","decl":{"start":{"line":70,"column":11},"end":{"line":70,"column":12}},"loc":{"start":{"line":70,"column":18},"end":{"line":70,"column":34}},"line":70}},"branchMap":{"0":{"loc":{"start":{"line":27,"column":2},"end":{"line":38,"column":3}},"type":"if","locations":[{"start":{"line":27,"column":2},"end":{"line":38,"column":3}},{"start":{"line":30,"column":9},"end":{"line":38,"column":3}}],"line":27},"1":{"loc":{"start":{"line":30,"column":9},"end":{"line":38,"column":3}},"type":"if","locations":[{"start":{"line":30,"column":9},"end":{"line":38,"column":3}},{"start":{"line":33,"column":9},"end":{"line":38,"column":3}}],"line":30},"2":{"loc":{"start":{"line":33,"column":9},"end":{"line":38,"column":3}},"type":"if","locations":[{"start":{"line":33,"column":9},"end":{"line":38,"column":3}},{"start":{"line":36,"column":9},"end":{"line":38,"column":3}}],"line":33},"3":{"loc":{"start":{"line":42,"column":2},"end":{"line":50,"column":10}},"type":"cond-expr","locations":[{"start":{"line":43,"column":6},"end":{"line":49,"column":39}},{"start":{"line":50,"column":6},"end":{"line":50,"column":10}}],"line":42},"4":{"loc":{"start":{"line":54,"column":2},"end":{"line":62,"column":10}},"type":"cond-expr","locations":[{"start":{"line":55,"column":6},"end":{"line":61,"column":39}},{"start":{"line":62,"column":6},"end":{"line":62,"column":10}}],"line":54}},"s":{"0":1,"1":4,"2":1,"3":4,"4":1,"5":1,"6":3,"7":1,"8":1,"9":2,"10":1,"11":1,"12":1,"13":1,"14":0,"15":0,"16":0,"17":0,"18":0,"19":0,"20":1,"21":0,"22":0,"23":0,"24":0,"25":0,"26":1,"27":0,"28":0,"29":0},"f":{"0":4,"1":4,"2":0,"3":0,"4":0,"5":0,"6":0,"7":0,"8":0,"9":0,"10":0,"11":0,"12":0},"b":{"0":[1,3],"1":[1,2],"2":[1,1],"3":[0,0],"4":[0,0]},"_coverageSchema":"1a1c01bbd47fc00a2c39e90264f33305004495a9","hash":"6405355945f8df5e7ff87baa39114382fa7efac6"}
,"/Users/devshah/github-profile-api-1/styles/appStyles.js": {"path":"/Users/devshah/github-profile-api-1/styles/appStyles.js","statementMap":{"0":{"start":{"line":3,"column":25},"end":{"line":99,"column":2}}},"fnMap":{},"branchMap":{},"s":{"0":0},"f":{},"b":{}}
}
