TN:
SF:App.js
FN:13,App
FN:27,(anonymous_1)
FN:28,(anonymous_2)
FNF:3
FNH:0
FNDA:0,App
FNDA:0,(anonymous_1)
FNDA:0,(anonymous_2)
DA:11,1
DA:14,0
DA:27,0
DA:28,0
LF:4
LH:1
BRF:0
BRH:0
end_of_record
TN:
SF:StoreFile.js
FNF:0
FNH:0
DA:5,1
LF:1
LH:1
BRF:0
BRH:0
end_of_record
TN:
SF:firebase.js
FNF:0
FNH:0
DA:4,4
DA:13,4
DA:14,4
LF:3
LH:3
BRF:0
BRH:0
end_of_record
TN:
SF:index.js
FNF:0
FNH:0
DA:9,0
DA:10,0
LF:2
LH:0
BRF:0
BRH:0
end_of_record
TN:
SF:metro.config.js
FNF:0
FNH:0
DA:2,0
DA:4,0
LF:2
LH:0
BRF:0
BRH:0
end_of_record
TN:
SF:actions/LoginActions.js
FN:8,handleLoginData
FN:15,handleRegisterData
FN:22,handleLogOut
FNF:3
FNH:3
FNDA:1,handleLoginData
FNDA:1,handleRegisterData
FNDA:1,handleLogOut
DA:2,6
DA:9,1
DA:16,1
DA:23,1
LF:4
LH:4
BRF:0
BRH:0
end_of_record
TN:
SF:assets/Constants.js
FNF:0
FNH:0
DA:1,6
DA:4,6
DA:6,6
LF:3
LH:3
BRF:0
BRH:0
end_of_record
TN:
SF:components/LogOutButton.js
FN:7,(anonymous_0)
FN:11,(anonymous_1)
FNF:2
FNH:2
FNDA:2,(anonymous_0)
FNDA:1,(anonymous_1)
DA:7,2
DA:8,2
DA:9,2
DA:11,2
DA:12,1
DA:13,1
DA:16,2
LF:7
LH:7
BRF:0
BRH:0
end_of_record
TN:
SF:components/PublicRepos.js
FN:6,PublicRepos
FN:11,(anonymous_1)
FN:18,(anonymous_2)
FN:31,(anonymous_3)
FN:32,(anonymous_4)
FN:35,(anonymous_5)
FNF:6
FNH:1
FNDA:3,PublicRepos
FNDA:0,(anonymous_1)
FNDA:0,(anonymous_2)
FNDA:0,(anonymous_3)
FNDA:0,(anonymous_4)
FNDA:0,(anonymous_5)
DA:7,3
DA:9,3
DA:11,3
DA:12,0
DA:13,0
DA:14,0
DA:18,3
DA:19,0
DA:22,3
DA:31,0
DA:33,0
DA:36,0
LF:12
LH:5
BRDA:12,0,0,0
BRDA:12,0,1,0
BRF:2
BRH:0
end_of_record
TN:
SF:components/UserInfoCard.js
FN:7,UserInfoCard
FNF:1
FNH:1
FNDA:4,UserInfoCard
DA:8,4
LF:1
LH:1
BRDA:14,0,0,2
BRDA:14,0,1,2
BRDA:19,1,0,2
BRDA:19,1,1,2
BRDA:21,2,0,1
BRDA:21,2,1,1
BRDA:34,3,0,2
BRDA:34,3,1,2
BRDA:38,4,0,1
BRDA:38,4,1,1
BRDA:43,5,0,2
BRDA:43,5,1,2
BRDA:44,6,0,1
BRDA:44,6,1,1
BRF:14
BRH:14
end_of_record
TN:
SF:components/WebView.js
FN:4,(anonymous_0)
FNF:1
FNH:1
FNDA:1,(anonymous_0)
DA:4,2
DA:5,1
DA:6,1
LF:3
LH:3
BRF:0
BRH:0
end_of_record
TN:
SF:reducers/LoginReducers.js
FN:7,(anonymous_0)
FNF:1
FNH:1
FNDA:7,(anonymous_0)
DA:3,2
DA:7,2
DA:8,7
DA:9,6
DA:11,1
DA:12,1
DA:15,1
DA:18,1
DA:20,3
DA:21,3
LF:10
LH:10
BRDA:7,0,0,4
BRDA:9,1,0,1
BRDA:9,1,1,1
BRDA:9,1,2,1
BRDA:9,1,3,3
BRF:5
BRH:5
end_of_record
TN:
SF:reducers/rootReducer.js
FNF:0
FNH:0
DA:4,1
LF:1
LH:1
BRF:0
BRH:0
end_of_record
TN:
SF:screens/LoginScreen.js
FN:19,(anonymous_0)
FN:25,(anonymous_1)
FN:26,(anonymous_2)
FN:50,(anonymous_3)
FN:58,(anonymous_4)
FN:63,(anonymous_5)
FN:72,(anonymous_6)
FNF:7
FNH:1
FNDA:2,(anonymous_0)
FNDA:0,(anonymous_1)
FNDA:0,(anonymous_2)
FNDA:0,(anonymous_3)
FNDA:0,(anonymous_4)
FNDA:0,(anonymous_5)
FNDA:0,(anonymous_6)
DA:19,2
DA:20,2
DA:21,0
DA:22,0
DA:23,0
DA:25,0
DA:26,0
DA:27,0
DA:28,0
DA:31,0
DA:34,0
DA:50,0
DA:58,0
DA:63,0
DA:72,0
LF:15
LH:2
BRDA:27,0,0,0
BRDA:27,0,1,0
BRF:2
BRH:0
end_of_record
TN:
SF:screens/SearchUserProfile.js
FN:11,(anonymous_0)
FN:16,(anonymous_1)
FN:39,(anonymous_2)
FN:40,(anonymous_3)
FNF:4
FNH:1
FNDA:2,(anonymous_0)
FNDA:0,(anonymous_1)
FNDA:0,(anonymous_2)
FNDA:0,(anonymous_3)
DA:11,2
DA:12,2
DA:14,2
DA:16,2
DA:17,0
DA:18,0
DA:19,0
DA:20,0
DA:21,0
DA:23,0
DA:24,0
DA:26,0
DA:29,0
DA:33,2
DA:39,0
DA:40,0
LF:16
LH:5
BRDA:19,0,0,0
BRDA:19,0,1,0
BRDA:21,1,0,0
BRDA:21,1,1,0
BRF:4
BRH:0
end_of_record
TN:
SF:services/GithubApiService.js
FN:4,(anonymous_0)
FN:18,(anonymous_1)
FNF:2
FNH:2
FNDA:1,(anonymous_0)
FNDA:1,(anonymous_1)
DA:4,4
DA:6,1
DA:7,1
DA:8,1
DA:9,0
DA:11,1
DA:14,0
DA:18,4
DA:20,1
DA:22,1
DA:23,1
DA:24,1
DA:26,1
DA:27,0
DA:29,1
DA:32,0
DA:34,0
LF:17
LH:12
BRDA:8,0,0,0
BRDA:8,0,1,1
BRDA:23,1,0,1
BRDA:23,1,1,0
BRDA:26,2,0,0
BRDA:26,2,1,1
BRF:6
BRH:3
end_of_record
TN:
SF:services/LoginService.js
FN:14,(anonymous_0)
FN:24,(anonymous_1)
FN:41,(anonymous_2)
FN:41,(anonymous_3)
FN:44,(anonymous_4)
FN:49,(anonymous_5)
FN:53,(anonymous_6)
FN:53,(anonymous_7)
FN:56,(anonymous_8)
FN:61,(anonymous_9)
FN:65,(anonymous_10)
FN:67,(anonymous_11)
FN:70,(anonymous_12)
FNF:13
FNH:3
FNDA:6,(anonymous_0)
FNDA:4,(anonymous_1)
FNDA:0,(anonymous_2)
FNDA:0,(anonymous_3)
FNDA:0,(anonymous_4)
FNDA:0,(anonymous_5)
FNDA:0,(anonymous_6)
FNDA:0,(anonymous_7)
FNDA:0,(anonymous_8)
FNDA:0,(anonymous_9)
FNDA:2,(anonymous_10)
FNDA:0,(anonymous_11)
FNDA:0,(anonymous_12)
DA:14,4
DA:17,6
DA:24,4
DA:27,4
DA:29,1
DA:30,3
DA:31,1
DA:32,1
DA:33,2
DA:34,1
DA:35,1
DA:37,1
DA:41,4
DA:42,0
DA:45,0
DA:46,0
DA:47,0
DA:49,0
DA:53,4
DA:54,0
DA:57,0
DA:59,0
DA:61,0
DA:65,4
DA:66,2
DA:68,0
DA:70,0
LF:27
LH:16
BRDA:27,0,0,1
BRDA:27,0,1,3
BRDA:30,1,0,1
BRDA:30,1,1,2
BRDA:33,2,0,1
BRDA:33,2,1,1
BRDA:42,3,0,0
BRDA:42,3,1,0
BRDA:54,4,0,0
BRDA:54,4,1,0
BRF:10
BRH:6
end_of_record
TN:
SF:styles/appStyles.js
FNF:0
FNH:0
DA:3,6
LF:1
LH:1
BRF:0
BRH:0
end_of_record
